[2023-12-08T07:47:40.071+0000] {taskinstance.py:1159} INFO - Dependencies all met for dep_context=non-requeueable deps ti=<TaskInstance: tutorial.templated scheduled__2023-12-07T07:46:46.356091+00:00 [queued]>
[2023-12-08T07:47:40.094+0000] {taskinstance.py:1159} INFO - Dependencies all met for dep_context=requeueable deps ti=<TaskInstance: tutorial.templated scheduled__2023-12-07T07:46:46.356091+00:00 [queued]>
[2023-12-08T07:47:40.096+0000] {taskinstance.py:1361} INFO - Starting attempt 1 of 2
[2023-12-08T07:47:40.135+0000] {taskinstance.py:1382} INFO - Executing <Task(BashOperator): templated> on 2023-12-07 07:46:46.356091+00:00
[2023-12-08T07:47:40.147+0000] {standard_task_runner.py:57} INFO - Started process 1044 to run task
[2023-12-08T07:47:40.156+0000] {standard_task_runner.py:84} INFO - Running: ['***', 'tasks', 'run', 'tutorial', 'templated', 'scheduled__2023-12-07T07:46:46.356091+00:00', '--job-id', '44', '--raw', '--subdir', '/home/***/.local/lib/python3.8/site-packages/***/example_dags/tutorial.py', '--cfg-path', '/tmp/tmpn9mxbn7n']
[2023-12-08T07:47:40.170+0000] {standard_task_runner.py:85} INFO - Job 44: Subtask templated
[2023-12-08T07:47:40.338+0000] {task_command.py:416} INFO - Running <TaskInstance: tutorial.templated scheduled__2023-12-07T07:46:46.356091+00:00 [running]> on host 7f55d8198a4d
[2023-12-08T07:47:40.460+0000] {taskinstance.py:1662} INFO - Exporting env vars: AIRFLOW_CTX_DAG_EMAIL='***@example.com' AIRFLOW_CTX_DAG_OWNER='***' AIRFLOW_CTX_DAG_ID='tutorial' AIRFLOW_CTX_TASK_ID='templated' AIRFLOW_CTX_EXECUTION_DATE='2023-12-07T07:46:46.356091+00:00' AIRFLOW_CTX_TRY_NUMBER='1' AIRFLOW_CTX_DAG_RUN_ID='scheduled__2023-12-07T07:46:46.356091+00:00'
[2023-12-08T07:47:40.465+0000] {subprocess.py:63} INFO - Tmp dir root location: /tmp
[2023-12-08T07:47:40.466+0000] {subprocess.py:75} INFO - Running command: ['/bin/bash', '-c', '\n\n    echo "2023-12-07"\n    echo "2023-12-14"\n\n    echo "2023-12-07"\n    echo "2023-12-14"\n\n    echo "2023-12-07"\n    echo "2023-12-14"\n\n    echo "2023-12-07"\n    echo "2023-12-14"\n\n    echo "2023-12-07"\n    echo "2023-12-14"\n']
[2023-12-08T07:47:40.488+0000] {subprocess.py:86} INFO - Output:
[2023-12-08T07:47:40.493+0000] {subprocess.py:93} INFO - 2023-12-07
[2023-12-08T07:47:40.494+0000] {subprocess.py:93} INFO - 2023-12-14
[2023-12-08T07:47:40.495+0000] {subprocess.py:93} INFO - 2023-12-07
[2023-12-08T07:47:40.495+0000] {subprocess.py:93} INFO - 2023-12-14
[2023-12-08T07:47:40.496+0000] {subprocess.py:93} INFO - 2023-12-07
[2023-12-08T07:47:40.496+0000] {subprocess.py:93} INFO - 2023-12-14
[2023-12-08T07:47:40.497+0000] {subprocess.py:93} INFO - 2023-12-07
[2023-12-08T07:47:40.498+0000] {subprocess.py:93} INFO - 2023-12-14
[2023-12-08T07:47:40.498+0000] {subprocess.py:93} INFO - 2023-12-07
[2023-12-08T07:47:40.499+0000] {subprocess.py:93} INFO - 2023-12-14
[2023-12-08T07:47:40.499+0000] {subprocess.py:97} INFO - Command exited with return code 0
[2023-12-08T07:47:40.521+0000] {taskinstance.py:1400} INFO - Marking task as SUCCESS. dag_id=tutorial, task_id=templated, execution_date=20231207T074646, start_date=20231208T074740, end_date=20231208T074740
[2023-12-08T07:47:40.575+0000] {local_task_job_runner.py:228} INFO - Task exited with return code 0
[2023-12-08T07:47:40.600+0000] {taskinstance.py:2778} INFO - 0 downstream tasks scheduled from follow-on schedule check
