[2023-12-08T07:47:37.527+0000] {taskinstance.py:1159} INFO - Dependencies all met for dep_context=non-requeueable deps ti=<TaskInstance: tutorial.templated manual__2023-12-08T07:47:12.813278+00:00 [queued]>
[2023-12-08T07:47:37.646+0000] {taskinstance.py:1159} INFO - Dependencies all met for dep_context=requeueable deps ti=<TaskInstance: tutorial.templated manual__2023-12-08T07:47:12.813278+00:00 [queued]>
[2023-12-08T07:47:37.657+0000] {taskinstance.py:1361} INFO - Starting attempt 1 of 2
[2023-12-08T07:47:37.921+0000] {taskinstance.py:1382} INFO - Executing <Task(BashOperator): templated> on 2023-12-08 07:47:12.813278+00:00
[2023-12-08T07:47:38.010+0000] {standard_task_runner.py:57} INFO - Started process 1042 to run task
[2023-12-08T07:47:38.040+0000] {standard_task_runner.py:84} INFO - Running: ['***', 'tasks', 'run', 'tutorial', 'templated', 'manual__2023-12-08T07:47:12.813278+00:00', '--job-id', '43', '--raw', '--subdir', '/home/***/.local/lib/python3.8/site-packages/***/example_dags/tutorial.py', '--cfg-path', '/tmp/tmp5rnczcy5']
[2023-12-08T07:47:38.062+0000] {standard_task_runner.py:85} INFO - Job 43: Subtask templated
[2023-12-08T07:47:38.737+0000] {task_command.py:416} INFO - Running <TaskInstance: tutorial.templated manual__2023-12-08T07:47:12.813278+00:00 [running]> on host 7f55d8198a4d
[2023-12-08T07:47:39.028+0000] {taskinstance.py:1662} INFO - Exporting env vars: AIRFLOW_CTX_DAG_EMAIL='***@example.com' AIRFLOW_CTX_DAG_OWNER='***' AIRFLOW_CTX_DAG_ID='tutorial' AIRFLOW_CTX_TASK_ID='templated' AIRFLOW_CTX_EXECUTION_DATE='2023-12-08T07:47:12.813278+00:00' AIRFLOW_CTX_TRY_NUMBER='1' AIRFLOW_CTX_DAG_RUN_ID='manual__2023-12-08T07:47:12.813278+00:00'
[2023-12-08T07:47:39.045+0000] {subprocess.py:63} INFO - Tmp dir root location: /tmp
[2023-12-08T07:47:39.051+0000] {subprocess.py:75} INFO - Running command: ['/bin/bash', '-c', '\n\n    echo "2023-12-08"\n    echo "2023-12-15"\n\n    echo "2023-12-08"\n    echo "2023-12-15"\n\n    echo "2023-12-08"\n    echo "2023-12-15"\n\n    echo "2023-12-08"\n    echo "2023-12-15"\n\n    echo "2023-12-08"\n    echo "2023-12-15"\n']
[2023-12-08T07:47:39.126+0000] {subprocess.py:86} INFO - Output:
[2023-12-08T07:47:39.146+0000] {subprocess.py:93} INFO - 2023-12-08
[2023-12-08T07:47:39.148+0000] {subprocess.py:93} INFO - 2023-12-15
[2023-12-08T07:47:39.149+0000] {subprocess.py:93} INFO - 2023-12-08
[2023-12-08T07:47:39.150+0000] {subprocess.py:93} INFO - 2023-12-15
[2023-12-08T07:47:39.152+0000] {subprocess.py:93} INFO - 2023-12-08
[2023-12-08T07:47:39.155+0000] {subprocess.py:93} INFO - 2023-12-15
[2023-12-08T07:47:39.156+0000] {subprocess.py:93} INFO - 2023-12-08
[2023-12-08T07:47:39.157+0000] {subprocess.py:93} INFO - 2023-12-15
[2023-12-08T07:47:39.158+0000] {subprocess.py:93} INFO - 2023-12-08
[2023-12-08T07:47:39.158+0000] {subprocess.py:93} INFO - 2023-12-15
[2023-12-08T07:47:39.159+0000] {subprocess.py:97} INFO - Command exited with return code 0
[2023-12-08T07:47:39.241+0000] {taskinstance.py:1400} INFO - Marking task as SUCCESS. dag_id=tutorial, task_id=templated, execution_date=20231208T074712, start_date=20231208T074737, end_date=20231208T074739
[2023-12-08T07:47:39.311+0000] {local_task_job_runner.py:228} INFO - Task exited with return code 0
[2023-12-08T07:47:39.427+0000] {taskinstance.py:2778} INFO - 0 downstream tasks scheduled from follow-on schedule check
